<?xml version="1.0" encoding="UTF-8"?>
<testsuite xmlns:xsi="http://www.w3.org/2001/XMLSchema-instance" xsi:noNamespaceSchemaLocation="https://maven.apache.org/surefire/maven-surefire-plugin/xsd/surefire-test-report.xsd" name="com.fcsummer.fcsummerutils.FcsummerUtilsApplicationTests" time="0.617" tests="1" errors="0" skipped="0" failures="0">
  <properties>
    <property name="sun.desktop" value="windows"/>
    <property name="awt.toolkit" value="sun.awt.windows.WToolkit"/>
    <property name="file.encoding.pkg" value="sun.io"/>
    <property name="java.specification.version" value="1.8"/>
    <property name="sun.cpu.isalist" value="amd64"/>
    <property name="sun.jnu.encoding" value="GBK"/>
    <property name="java.class.path" value="D:\project\fcsummer-utils\fcsummerUtils-judgeAndAssign\target\test-classes;D:\project\fcsummer-utils\fcsummerUtils-judgeAndAssign\target\classes;C:\Program Files (x86)\maven3.6.3\maven_respotiry\cn\hutool\hutool-all\5.8.20\hutool-all-5.8.20.jar;C:\Program Files (x86)\maven3.6.3\maven_respotiry\org\springframework\boot\spring-boot-starter-web\2.7.15\spring-boot-starter-web-2.7.15.jar;C:\Program Files (x86)\maven3.6.3\maven_respotiry\org\springframework\boot\spring-boot-starter\2.7.15\spring-boot-starter-2.7.15.jar;C:\Program Files (x86)\maven3.6.3\maven_respotiry\org\springframework\boot\spring-boot\2.7.15\spring-boot-2.7.15.jar;C:\Program Files (x86)\maven3.6.3\maven_respotiry\org\springframework\boot\spring-boot-autoconfigure\2.7.15\spring-boot-autoconfigure-2.7.15.jar;C:\Program Files (x86)\maven3.6.3\maven_respotiry\org\springframework\boot\spring-boot-starter-logging\2.7.15\spring-boot-starter-logging-2.7.15.jar;C:\Program Files (x86)\maven3.6.3\maven_respotiry\ch\qos\logback\logback-classic\1.2.12\logback-classic-1.2.12.jar;C:\Program Files (x86)\maven3.6.3\maven_respotiry\ch\qos\logback\logback-core\1.2.12\logback-core-1.2.12.jar;C:\Program Files (x86)\maven3.6.3\maven_respotiry\org\apache\logging\log4j\log4j-to-slf4j\2.17.2\log4j-to-slf4j-2.17.2.jar;C:\Program Files (x86)\maven3.6.3\maven_respotiry\org\apache\logging\log4j\log4j-api\2.17.2\log4j-api-2.17.2.jar;C:\Program Files (x86)\maven3.6.3\maven_respotiry\org\slf4j\jul-to-slf4j\1.7.36\jul-to-slf4j-1.7.36.jar;C:\Program Files (x86)\maven3.6.3\maven_respotiry\jakarta\annotation\jakarta.annotation-api\1.3.5\jakarta.annotation-api-1.3.5.jar;C:\Program Files (x86)\maven3.6.3\maven_respotiry\org\yaml\snakeyaml\1.30\snakeyaml-1.30.jar;C:\Program Files (x86)\maven3.6.3\maven_respotiry\org\springframework\boot\spring-boot-starter-json\2.7.15\spring-boot-starter-json-2.7.15.jar;C:\Program Files (x86)\maven3.6.3\maven_respotiry\com\fasterxml\jackson\core\jackson-databind\2.13.5\jackson-databind-2.13.5.jar;C:\Program Files (x86)\maven3.6.3\maven_respotiry\com\fasterxml\jackson\core\jackson-annotations\2.13.5\jackson-annotations-2.13.5.jar;C:\Program Files (x86)\maven3.6.3\maven_respotiry\com\fasterxml\jackson\core\jackson-core\2.13.5\jackson-core-2.13.5.jar;C:\Program Files (x86)\maven3.6.3\maven_respotiry\com\fasterxml\jackson\datatype\jackson-datatype-jdk8\2.13.5\jackson-datatype-jdk8-2.13.5.jar;C:\Program Files (x86)\maven3.6.3\maven_respotiry\com\fasterxml\jackson\datatype\jackson-datatype-jsr310\2.13.5\jackson-datatype-jsr310-2.13.5.jar;C:\Program Files (x86)\maven3.6.3\maven_respotiry\com\fasterxml\jackson\module\jackson-module-parameter-names\2.13.5\jackson-module-parameter-names-2.13.5.jar;C:\Program Files (x86)\maven3.6.3\maven_respotiry\org\springframework\boot\spring-boot-starter-tomcat\2.7.15\spring-boot-starter-tomcat-2.7.15.jar;C:\Program Files (x86)\maven3.6.3\maven_respotiry\org\apache\tomcat\embed\tomcat-embed-core\9.0.79\tomcat-embed-core-9.0.79.jar;C:\Program Files (x86)\maven3.6.3\maven_respotiry\org\apache\tomcat\embed\tomcat-embed-el\9.0.79\tomcat-embed-el-9.0.79.jar;C:\Program Files (x86)\maven3.6.3\maven_respotiry\org\apache\tomcat\embed\tomcat-embed-websocket\9.0.79\tomcat-embed-websocket-9.0.79.jar;C:\Program Files (x86)\maven3.6.3\maven_respotiry\org\springframework\spring-web\5.3.29\spring-web-5.3.29.jar;C:\Program Files (x86)\maven3.6.3\maven_respotiry\org\springframework\spring-beans\5.3.29\spring-beans-5.3.29.jar;C:\Program Files (x86)\maven3.6.3\maven_respotiry\org\springframework\spring-webmvc\5.3.29\spring-webmvc-5.3.29.jar;C:\Program Files (x86)\maven3.6.3\maven_respotiry\org\springframework\spring-context\5.3.29\spring-context-5.3.29.jar;C:\Program Files (x86)\maven3.6.3\maven_respotiry\org\springframework\spring-expression\5.3.29\spring-expression-5.3.29.jar;C:\Program Files (x86)\maven3.6.3\maven_respotiry\org\projectlombok\lombok\1.18.28\lombok-1.18.28.jar;C:\Program Files (x86)\maven3.6.3\maven_respotiry\org\springframework\boot\spring-boot-starter-test\2.7.15\spring-boot-starter-test-2.7.15.jar;C:\Program Files (x86)\maven3.6.3\maven_respotiry\org\springframework\boot\spring-boot-test\2.7.15\spring-boot-test-2.7.15.jar;C:\Program Files (x86)\maven3.6.3\maven_respotiry\org\springframework\boot\spring-boot-test-autoconfigure\2.7.15\spring-boot-test-autoconfigure-2.7.15.jar;C:\Program Files (x86)\maven3.6.3\maven_respotiry\com\jayway\jsonpath\json-path\2.7.0\json-path-2.7.0.jar;C:\Program Files (x86)\maven3.6.3\maven_respotiry\net\minidev\json-smart\2.4.11\json-smart-2.4.11.jar;C:\Program Files (x86)\maven3.6.3\maven_respotiry\net\minidev\accessors-smart\2.4.11\accessors-smart-2.4.11.jar;C:\Program Files (x86)\maven3.6.3\maven_respotiry\org\ow2\asm\asm\9.3\asm-9.3.jar;C:\Program Files (x86)\maven3.6.3\maven_respotiry\org\slf4j\slf4j-api\1.7.36\slf4j-api-1.7.36.jar;C:\Program Files (x86)\maven3.6.3\maven_respotiry\jakarta\xml\bind\jakarta.xml.bind-api\2.3.3\jakarta.xml.bind-api-2.3.3.jar;C:\Program Files (x86)\maven3.6.3\maven_respotiry\jakarta\activation\jakarta.activation-api\1.2.2\jakarta.activation-api-1.2.2.jar;C:\Program Files (x86)\maven3.6.3\maven_respotiry\org\assertj\assertj-core\3.22.0\assertj-core-3.22.0.jar;C:\Program Files (x86)\maven3.6.3\maven_respotiry\org\hamcrest\hamcrest\2.2\hamcrest-2.2.jar;C:\Program Files (x86)\maven3.6.3\maven_respotiry\org\junit\jupiter\junit-jupiter\5.8.2\junit-jupiter-5.8.2.jar;C:\Program Files (x86)\maven3.6.3\maven_respotiry\org\junit\jupiter\junit-jupiter-api\5.8.2\junit-jupiter-api-5.8.2.jar;C:\Program Files (x86)\maven3.6.3\maven_respotiry\org\opentest4j\opentest4j\1.2.0\opentest4j-1.2.0.jar;C:\Program Files (x86)\maven3.6.3\maven_respotiry\org\junit\platform\junit-platform-commons\1.8.2\junit-platform-commons-1.8.2.jar;C:\Program Files (x86)\maven3.6.3\maven_respotiry\org\apiguardian\apiguardian-api\1.1.2\apiguardian-api-1.1.2.jar;C:\Program Files (x86)\maven3.6.3\maven_respotiry\org\junit\jupiter\junit-jupiter-params\5.8.2\junit-jupiter-params-5.8.2.jar;C:\Program Files (x86)\maven3.6.3\maven_respotiry\org\junit\jupiter\junit-jupiter-engine\5.8.2\junit-jupiter-engine-5.8.2.jar;C:\Program Files (x86)\maven3.6.3\maven_respotiry\org\junit\platform\junit-platform-engine\1.8.2\junit-platform-engine-1.8.2.jar;C:\Program Files (x86)\maven3.6.3\maven_respotiry\org\mockito\mockito-core\4.5.1\mockito-core-4.5.1.jar;C:\Program Files (x86)\maven3.6.3\maven_respotiry\net\bytebuddy\byte-buddy\1.12.23\byte-buddy-1.12.23.jar;C:\Program Files (x86)\maven3.6.3\maven_respotiry\net\bytebuddy\byte-buddy-agent\1.12.23\byte-buddy-agent-1.12.23.jar;C:\Program Files (x86)\maven3.6.3\maven_respotiry\org\objenesis\objenesis\3.2\objenesis-3.2.jar;C:\Program Files (x86)\maven3.6.3\maven_respotiry\org\mockito\mockito-junit-jupiter\4.5.1\mockito-junit-jupiter-4.5.1.jar;C:\Program Files (x86)\maven3.6.3\maven_respotiry\org\skyscreamer\jsonassert\1.5.1\jsonassert-1.5.1.jar;C:\Program Files (x86)\maven3.6.3\maven_respotiry\com\vaadin\external\google\android-json\0.0.20131108.vaadin1\android-json-0.0.20131108.vaadin1.jar;C:\Program Files (x86)\maven3.6.3\maven_respotiry\org\springframework\spring-core\5.3.29\spring-core-5.3.29.jar;C:\Program Files (x86)\maven3.6.3\maven_respotiry\org\springframework\spring-jcl\5.3.29\spring-jcl-5.3.29.jar;C:\Program Files (x86)\maven3.6.3\maven_respotiry\org\springframework\spring-test\5.3.29\spring-test-5.3.29.jar;C:\Program Files (x86)\maven3.6.3\maven_respotiry\org\xmlunit\xmlunit-core\2.9.1\xmlunit-core-2.9.1.jar;C:\Program Files (x86)\maven3.6.3\maven_respotiry\org\springframework\boot\spring-boot-starter-aop\2.7.15\spring-boot-starter-aop-2.7.15.jar;C:\Program Files (x86)\maven3.6.3\maven_respotiry\org\springframework\spring-aop\5.3.29\spring-aop-5.3.29.jar;C:\Program Files (x86)\maven3.6.3\maven_respotiry\org\aspectj\aspectjweaver\1.9.7\aspectjweaver-1.9.7.jar;"/>
    <property name="java.vm.vendor" value="Oracle Corporation"/>
    <property name="sun.arch.data.model" value="64"/>
    <property name="user.variant" value=""/>
    <property name="java.vendor.url" value="http://java.oracle.com/"/>
    <property name="user.timezone" value="Asia/Shanghai"/>
    <property name="java.vm.specification.version" value="1.8"/>
    <property name="os.name" value="Windows 10"/>
    <property name="user.country" value="CN"/>
    <property name="sun.java.launcher" value="SUN_STANDARD"/>
    <property name="sun.boot.library.path" value="C:\Program Files\Java\jdk1.8.0_162\jre\bin"/>
    <property name="sun.java.command" value="C:\Users\TEIC-Skills\AppData\Local\Temp\surefire3503848205007941834\surefirebooter667656699523186362.jar C:\Users\TEIC-Skills\AppData\Local\Temp\surefire3503848205007941834 2023-08-25T20-06-27_572-jvmRun1 surefire7149396050514925200tmp surefire_07197210084299301373tmp"/>
    <property name="surefire.test.class.path" value="D:\project\fcsummer-utils\fcsummerUtils-judgeAndAssign\target\test-classes;D:\project\fcsummer-utils\fcsummerUtils-judgeAndAssign\target\classes;C:\Program Files (x86)\maven3.6.3\maven_respotiry\cn\hutool\hutool-all\5.8.20\hutool-all-5.8.20.jar;C:\Program Files (x86)\maven3.6.3\maven_respotiry\org\springframework\boot\spring-boot-starter-web\2.7.15\spring-boot-starter-web-2.7.15.jar;C:\Program Files (x86)\maven3.6.3\maven_respotiry\org\springframework\boot\spring-boot-starter\2.7.15\spring-boot-starter-2.7.15.jar;C:\Program Files (x86)\maven3.6.3\maven_respotiry\org\springframework\boot\spring-boot\2.7.15\spring-boot-2.7.15.jar;C:\Program Files (x86)\maven3.6.3\maven_respotiry\org\springframework\boot\spring-boot-autoconfigure\2.7.15\spring-boot-autoconfigure-2.7.15.jar;C:\Program Files (x86)\maven3.6.3\maven_respotiry\org\springframework\boot\spring-boot-starter-logging\2.7.15\spring-boot-starter-logging-2.7.15.jar;C:\Program Files (x86)\maven3.6.3\maven_respotiry\ch\qos\logback\logback-classic\1.2.12\logback-classic-1.2.12.jar;C:\Program Files (x86)\maven3.6.3\maven_respotiry\ch\qos\logback\logback-core\1.2.12\logback-core-1.2.12.jar;C:\Program Files (x86)\maven3.6.3\maven_respotiry\org\apache\logging\log4j\log4j-to-slf4j\2.17.2\log4j-to-slf4j-2.17.2.jar;C:\Program Files (x86)\maven3.6.3\maven_respotiry\org\apache\logging\log4j\log4j-api\2.17.2\log4j-api-2.17.2.jar;C:\Program Files (x86)\maven3.6.3\maven_respotiry\org\slf4j\jul-to-slf4j\1.7.36\jul-to-slf4j-1.7.36.jar;C:\Program Files (x86)\maven3.6.3\maven_respotiry\jakarta\annotation\jakarta.annotation-api\1.3.5\jakarta.annotation-api-1.3.5.jar;C:\Program Files (x86)\maven3.6.3\maven_respotiry\org\yaml\snakeyaml\1.30\snakeyaml-1.30.jar;C:\Program Files (x86)\maven3.6.3\maven_respotiry\org\springframework\boot\spring-boot-starter-json\2.7.15\spring-boot-starter-json-2.7.15.jar;C:\Program Files (x86)\maven3.6.3\maven_respotiry\com\fasterxml\jackson\core\jackson-databind\2.13.5\jackson-databind-2.13.5.jar;C:\Program Files (x86)\maven3.6.3\maven_respotiry\com\fasterxml\jackson\core\jackson-annotations\2.13.5\jackson-annotations-2.13.5.jar;C:\Program Files (x86)\maven3.6.3\maven_respotiry\com\fasterxml\jackson\core\jackson-core\2.13.5\jackson-core-2.13.5.jar;C:\Program Files (x86)\maven3.6.3\maven_respotiry\com\fasterxml\jackson\datatype\jackson-datatype-jdk8\2.13.5\jackson-datatype-jdk8-2.13.5.jar;C:\Program Files (x86)\maven3.6.3\maven_respotiry\com\fasterxml\jackson\datatype\jackson-datatype-jsr310\2.13.5\jackson-datatype-jsr310-2.13.5.jar;C:\Program Files (x86)\maven3.6.3\maven_respotiry\com\fasterxml\jackson\module\jackson-module-parameter-names\2.13.5\jackson-module-parameter-names-2.13.5.jar;C:\Program Files (x86)\maven3.6.3\maven_respotiry\org\springframework\boot\spring-boot-starter-tomcat\2.7.15\spring-boot-starter-tomcat-2.7.15.jar;C:\Program Files (x86)\maven3.6.3\maven_respotiry\org\apache\tomcat\embed\tomcat-embed-core\9.0.79\tomcat-embed-core-9.0.79.jar;C:\Program Files (x86)\maven3.6.3\maven_respotiry\org\apache\tomcat\embed\tomcat-embed-el\9.0.79\tomcat-embed-el-9.0.79.jar;C:\Program Files (x86)\maven3.6.3\maven_respotiry\org\apache\tomcat\embed\tomcat-embed-websocket\9.0.79\tomcat-embed-websocket-9.0.79.jar;C:\Program Files (x86)\maven3.6.3\maven_respotiry\org\springframework\spring-web\5.3.29\spring-web-5.3.29.jar;C:\Program Files (x86)\maven3.6.3\maven_respotiry\org\springframework\spring-beans\5.3.29\spring-beans-5.3.29.jar;C:\Program Files (x86)\maven3.6.3\maven_respotiry\org\springframework\spring-webmvc\5.3.29\spring-webmvc-5.3.29.jar;C:\Program Files (x86)\maven3.6.3\maven_respotiry\org\springframework\spring-context\5.3.29\spring-context-5.3.29.jar;C:\Program Files (x86)\maven3.6.3\maven_respotiry\org\springframework\spring-expression\5.3.29\spring-expression-5.3.29.jar;C:\Program Files (x86)\maven3.6.3\maven_respotiry\org\projectlombok\lombok\1.18.28\lombok-1.18.28.jar;C:\Program Files (x86)\maven3.6.3\maven_respotiry\org\springframework\boot\spring-boot-starter-test\2.7.15\spring-boot-starter-test-2.7.15.jar;C:\Program Files (x86)\maven3.6.3\maven_respotiry\org\springframework\boot\spring-boot-test\2.7.15\spring-boot-test-2.7.15.jar;C:\Program Files (x86)\maven3.6.3\maven_respotiry\org\springframework\boot\spring-boot-test-autoconfigure\2.7.15\spring-boot-test-autoconfigure-2.7.15.jar;C:\Program Files (x86)\maven3.6.3\maven_respotiry\com\jayway\jsonpath\json-path\2.7.0\json-path-2.7.0.jar;C:\Program Files (x86)\maven3.6.3\maven_respotiry\net\minidev\json-smart\2.4.11\json-smart-2.4.11.jar;C:\Program Files (x86)\maven3.6.3\maven_respotiry\net\minidev\accessors-smart\2.4.11\accessors-smart-2.4.11.jar;C:\Program Files (x86)\maven3.6.3\maven_respotiry\org\ow2\asm\asm\9.3\asm-9.3.jar;C:\Program Files (x86)\maven3.6.3\maven_respotiry\org\slf4j\slf4j-api\1.7.36\slf4j-api-1.7.36.jar;C:\Program Files (x86)\maven3.6.3\maven_respotiry\jakarta\xml\bind\jakarta.xml.bind-api\2.3.3\jakarta.xml.bind-api-2.3.3.jar;C:\Program Files (x86)\maven3.6.3\maven_respotiry\jakarta\activation\jakarta.activation-api\1.2.2\jakarta.activation-api-1.2.2.jar;C:\Program Files (x86)\maven3.6.3\maven_respotiry\org\assertj\assertj-core\3.22.0\assertj-core-3.22.0.jar;C:\Program Files (x86)\maven3.6.3\maven_respotiry\org\hamcrest\hamcrest\2.2\hamcrest-2.2.jar;C:\Program Files (x86)\maven3.6.3\maven_respotiry\org\junit\jupiter\junit-jupiter\5.8.2\junit-jupiter-5.8.2.jar;C:\Program Files (x86)\maven3.6.3\maven_respotiry\org\junit\jupiter\junit-jupiter-api\5.8.2\junit-jupiter-api-5.8.2.jar;C:\Program Files (x86)\maven3.6.3\maven_respotiry\org\opentest4j\opentest4j\1.2.0\opentest4j-1.2.0.jar;C:\Program Files (x86)\maven3.6.3\maven_respotiry\org\junit\platform\junit-platform-commons\1.8.2\junit-platform-commons-1.8.2.jar;C:\Program Files (x86)\maven3.6.3\maven_respotiry\org\apiguardian\apiguardian-api\1.1.2\apiguardian-api-1.1.2.jar;C:\Program Files (x86)\maven3.6.3\maven_respotiry\org\junit\jupiter\junit-jupiter-params\5.8.2\junit-jupiter-params-5.8.2.jar;C:\Program Files (x86)\maven3.6.3\maven_respotiry\org\junit\jupiter\junit-jupiter-engine\5.8.2\junit-jupiter-engine-5.8.2.jar;C:\Program Files (x86)\maven3.6.3\maven_respotiry\org\junit\platform\junit-platform-engine\1.8.2\junit-platform-engine-1.8.2.jar;C:\Program Files (x86)\maven3.6.3\maven_respotiry\org\mockito\mockito-core\4.5.1\mockito-core-4.5.1.jar;C:\Program Files (x86)\maven3.6.3\maven_respotiry\net\bytebuddy\byte-buddy\1.12.23\byte-buddy-1.12.23.jar;C:\Program Files (x86)\maven3.6.3\maven_respotiry\net\bytebuddy\byte-buddy-agent\1.12.23\byte-buddy-agent-1.12.23.jar;C:\Program Files (x86)\maven3.6.3\maven_respotiry\org\objenesis\objenesis\3.2\objenesis-3.2.jar;C:\Program Files (x86)\maven3.6.3\maven_respotiry\org\mockito\mockito-junit-jupiter\4.5.1\mockito-junit-jupiter-4.5.1.jar;C:\Program Files (x86)\maven3.6.3\maven_respotiry\org\skyscreamer\jsonassert\1.5.1\jsonassert-1.5.1.jar;C:\Program Files (x86)\maven3.6.3\maven_respotiry\com\vaadin\external\google\android-json\0.0.20131108.vaadin1\android-json-0.0.20131108.vaadin1.jar;C:\Program Files (x86)\maven3.6.3\maven_respotiry\org\springframework\spring-core\5.3.29\spring-core-5.3.29.jar;C:\Program Files (x86)\maven3.6.3\maven_respotiry\org\springframework\spring-jcl\5.3.29\spring-jcl-5.3.29.jar;C:\Program Files (x86)\maven3.6.3\maven_respotiry\org\springframework\spring-test\5.3.29\spring-test-5.3.29.jar;C:\Program Files (x86)\maven3.6.3\maven_respotiry\org\xmlunit\xmlunit-core\2.9.1\xmlunit-core-2.9.1.jar;C:\Program Files (x86)\maven3.6.3\maven_respotiry\org\springframework\boot\spring-boot-starter-aop\2.7.15\spring-boot-starter-aop-2.7.15.jar;C:\Program Files (x86)\maven3.6.3\maven_respotiry\org\springframework\spring-aop\5.3.29\spring-aop-5.3.29.jar;C:\Program Files (x86)\maven3.6.3\maven_respotiry\org\aspectj\aspectjweaver\1.9.7\aspectjweaver-1.9.7.jar;"/>
    <property name="sun.cpu.endian" value="little"/>
    <property name="user.home" value="C:\Users\TEIC-Skills"/>
    <property name="user.language" value="zh"/>
    <property name="java.specification.vendor" value="Oracle Corporation"/>
    <property name="java.home" value="C:\Program Files\Java\jdk1.8.0_162\jre"/>
    <property name="basedir" value="D:\project\fcsummer-utils\fcsummerUtils-judgeAndAssign"/>
    <property name="file.separator" value="\"/>
    <property name="line.separator" value="&#10;"/>
    <property name="java.vm.specification.vendor" value="Oracle Corporation"/>
    <property name="java.specification.name" value="Java Platform API Specification"/>
    <property name="java.awt.graphicsenv" value="sun.awt.Win32GraphicsEnvironment"/>
    <property name="surefire.real.class.path" value="C:\Users\TEIC-Skills\AppData\Local\Temp\surefire3503848205007941834\surefirebooter667656699523186362.jar"/>
    <property name="sun.boot.class.path" value="C:\Program Files\Java\jdk1.8.0_162\jre\lib\resources.jar;C:\Program Files\Java\jdk1.8.0_162\jre\lib\rt.jar;C:\Program Files\Java\jdk1.8.0_162\jre\lib\sunrsasign.jar;C:\Program Files\Java\jdk1.8.0_162\jre\lib\jsse.jar;C:\Program Files\Java\jdk1.8.0_162\jre\lib\jce.jar;C:\Program Files\Java\jdk1.8.0_162\jre\lib\charsets.jar;C:\Program Files\Java\jdk1.8.0_162\jre\lib\jfr.jar;C:\Program Files\Java\jdk1.8.0_162\jre\classes"/>
    <property name="user.script" value=""/>
    <property name="sun.management.compiler" value="HotSpot 64-Bit Tiered Compilers"/>
    <property name="java.runtime.version" value="1.8.0_162-b12"/>
    <property name="user.name" value="TEIC-Skills"/>
    <property name="path.separator" value=";"/>
    <property name="os.version" value="10.0"/>
    <property name="java.endorsed.dirs" value="C:\Program Files\Java\jdk1.8.0_162\jre\lib\endorsed"/>
    <property name="java.runtime.name" value="Java(TM) SE Runtime Environment"/>
    <property name="file.encoding" value="GBK"/>
    <property name="java.vm.name" value="Java HotSpot(TM) 64-Bit Server VM"/>
    <property name="localRepository" value="C:\Program Files (x86)\maven3.6.3\maven_respotiry"/>
    <property name="java.vendor.url.bug" value="http://bugreport.sun.com/bugreport/"/>
    <property name="java.io.tmpdir" value="C:\Users\TEIC-Skills\AppData\Local\Temp\"/>
    <property name="idea.version" value="2023.2"/>
    <property name="java.version" value="1.8.0_162"/>
    <property name="user.dir" value="D:\project\fcsummer-utils\fcsummerUtils-judgeAndAssign"/>
    <property name="os.arch" value="amd64"/>
    <property name="java.vm.specification.name" value="Java Virtual Machine Specification"/>
    <property name="java.awt.printerjob" value="sun.awt.windows.WPrinterJob"/>
    <property name="sun.os.patch.level" value=""/>
    <property name="java.library.path" value="C:\Program Files\Java\jdk1.8.0_162\jre\bin;C:\Windows\Sun\Java\bin;C:\Windows\system32;C:\Windows;C:\Program Files (x86)\python3.9.7\Scripts\;C:\Program Files (x86)\python3.9.7\;C:\ProgramData\Oracle\Java\javapath;C:\Windows\system32;C:\Windows;C:\Windows\System32\Wbem;C:\Windows\System32\WindowsPowerShell\v1.0\;C:\Windows\System32\OpenSSH\;C:\Git;tack\python;C:\Program Files\Redis\;C:\Program Files\MySQL\MySQL Server 8.0\bin;C:\Program Files\Redis;C:\Program Files (x86)\maven3.6.3\apache-maven-3.6.3\bin;C:\Program Files\Git\cmd;C:\Users\TEIC-Skills\gosdk\go1.16.4\bin;C:\Program Files\Tailscale\;D:\weixin\utils\dll;D:\weixin\微信web开发者工具\dll;C:\Program Files\Java\jdk1.8.0_162\bin;C:\Program Files\Java\jdk1.8.0_162\jre\bin;C:\Users\TEIC-Skills\AppData\Roaming\nvm;C:\Program Files\nodejs;D:\Gpg4win\..\GnuPG\bin;C:\Users\TEIC-Skills\AppData\Local\Programs\Python\Python38\Scripts\;C:\Users\TEIC-Skills\AppData\Local\Programs\Python\Python38\;C:\Users\TEIC-Skills\AppData\Local\Microsoft\WindowsApps;C:\Users\TEIC-Skills\AppData\Roaming\npm;C:\Users\TEIC-Skills\AppData\Local\JetBrains\Toolbox\scripts;C:\Program Files\Bandizip\;C:\Users\TEIC-Skills\AppData\Local\GitHubDesktop\bin;C:\Users\TEIC-Skills\AppData\Roaming\nvm;C:\Program Files\nodejs;."/>
    <property name="java.vm.info" value="mixed mode"/>
    <property name="java.vendor" value="Oracle Corporation"/>
    <property name="java.vm.version" value="25.162-b12"/>
    <property name="java.ext.dirs" value="C:\Program Files\Java\jdk1.8.0_162\jre\lib\ext;C:\Windows\Sun\Java\lib\ext"/>
    <property name="sun.io.unicode.encoding" value="UnicodeLittle"/>
    <property name="java.class.version" value="52.0"/>
  </properties>
  <testcase name="contextLoads" classname="com.fcsummer.fcsummerutils.FcsummerUtilsApplicationTests" time="0.15"/>
</testsuite>